2020-02-25 20:20:41,666 [Worker-2: Loading available Gradle versions] INFO  o.e.b.c.i.u.g.PublishedGradleVersions - Gradle version information cache is up-to-date. Trying to read.
2020-02-25 20:21:44,769 [Worker-10: Importing Maven projects] INFO  o.e.m.c.i.l.LifecycleMappingFactory - Using org.eclipse.m2e.jdt.JarLifecycleMapping lifecycle mapping for MavenProject: com.caigicungco:API:1.0 @ C:\Users\Hung_LOL\Desktop\Project\ban-man-tinh-api\pom.xml.
2020-02-25 20:21:48,039 [Worker-10: Importing Maven projects] INFO  o.e.m.j.i.AbstractJavaProjectConfigurator - Adding source folder /ban-man-tinh-api/src/main/java
2020-02-25 20:21:48,039 [Worker-10: Importing Maven projects] INFO  o.e.m.j.i.AbstractJavaProjectConfigurator - Adding resource folder /ban-man-tinh-api/src/main/resources
2020-02-25 20:21:48,166 [Worker-10: Importing Maven projects] INFO  o.e.m.j.i.AbstractJavaProjectConfigurator - Adding resource folder /ban-man-tinh-api/src/main/resources
2020-02-25 20:21:48,180 [Worker-10: Importing Maven projects] INFO  o.e.m.j.i.AbstractJavaProjectConfigurator - Adding source folder /ban-man-tinh-api/src/test/java
2020-02-25 20:21:51,222 [Worker-10: Importing Maven projects] INFO  o.e.m.c.i.p.ProjectConfigurationManager - Imported and configured 1 project(s) in 10 sec
2020-02-25 20:21:59,108 [Worker-13: Discover lifecycle mappings] INFO  o.e.m.i.discovery.MavenDiscovery - No lifecyle mapping found at jar:file:/C:/Users/Hung_LOL/AppData/Local/Temp/RemoteBundleDiscoveryStrategy7603226327373524144.tmp/org.eclipse.m2e.discovery.oss_catalog_1.13.jar_6028657570667317527.jar!/lifecycle%2Forg.eclipse.m2e.discovery.lifecyclemapping.m2e-wtp.xml
2020-02-25 20:21:59,108 [Worker-13: Discover lifecycle mappings] WARN  o.e.m.i.discovery.MavenDiscovery - CatalogItem org.eclipse.m2e.discovery.lifecyclemapping.m2e-wtp does not contain lifecycle mapping metadata
2020-02-25 20:21:59,147 [Worker-13: Discover lifecycle mappings] INFO  o.e.m.i.discovery.MavenDiscovery - No lifecyle mapping found at jar:file:/C:/Users/Hung_LOL/AppData/Local/Temp/RemoteBundleDiscoveryStrategy7603226327373524144.tmp/org.eclipse.m2e.discovery.oss_catalog_1.13.jar_6028657570667317527.jar!/lifecycle%2Forg.eclipse.m2e.discovery.lifecyclemapping.m2e-egit.xml
2020-02-25 20:21:59,148 [Worker-13: Discover lifecycle mappings] WARN  o.e.m.i.discovery.MavenDiscovery - CatalogItem org.eclipse.m2e.discovery.lifecyclemapping.m2e-egit does not contain lifecycle mapping metadata
2020-02-25 20:21:59,191 [Worker-13: Discover lifecycle mappings] INFO  o.e.m.i.discovery.MavenDiscovery - No lifecyle mapping found at jar:file:/C:/Users/Hung_LOL/AppData/Local/Temp/RemoteBundleDiscoveryStrategy7603226327373524144.tmp/org.eclipse.m2e.discovery.oss_catalog_1.13.jar_6028657570667317527.jar!/lifecycle%2Forg.eclipse.m2e.discovery.lifecyclemapping.m2e-subversive.xml
2020-02-25 20:21:59,192 [Worker-13: Discover lifecycle mappings] WARN  o.e.m.i.discovery.MavenDiscovery - CatalogItem org.eclipse.m2e.discovery.lifecyclemapping.m2e-subversive does not contain lifecycle mapping metadata
2020-02-25 20:21:59,300 [Worker-13: Discover lifecycle mappings] INFO  o.e.m.i.discovery.MavenDiscovery - No lifecyle mapping found at jar:file:/C:/Users/Hung_LOL/AppData/Local/Temp/RemoteBundleDiscoveryStrategy7603226327373524144.tmp/org.eclipse.m2e.discovery.oss_catalog_1.13.jar_6028657570667317527.jar!/lifecycle%2Forg.eclipse.m2e.discovery.extras.m2e-chromatic.xml
2020-02-25 20:21:59,301 [Worker-13: Discover lifecycle mappings] WARN  o.e.m.i.discovery.MavenDiscovery - CatalogItem org.eclipse.m2e.discovery.extras.m2e-chromatic does not contain lifecycle mapping metadata
2020-02-25 20:22:05,367 [Worker-13: Building workspace] INFO  o.e.m.c.i.embedder.EclipseLogger - Using 'UTF-8' encoding to copy filtered resources.
2020-02-25 20:22:05,378 [Worker-13: Building workspace] INFO  o.e.m.c.i.embedder.EclipseLogger - Copying 1 resource
2020-02-25 20:22:05,487 [Worker-13: Building workspace] INFO  o.e.m.c.i.embedder.EclipseLogger - Copying 167 resources
2020-02-25 20:22:15,808 [Worker-13: Building workspace] INFO  o.e.m.c.i.embedder.EclipseLogger - Using 'UTF-8' encoding to copy filtered resources.
2020-02-25 20:22:15,809 [Worker-13: Building workspace] INFO  o.e.m.c.i.embedder.EclipseLogger - skip non existing resourceDirectory C:\Users\Hung_LOL\Desktop\Project\ban-man-tinh-api\src\test\resources
2020-02-25 20:23:28,612 [Worker-11: Building workspace] INFO  o.e.m.c.i.l.LifecycleMappingFactory - Using org.eclipse.m2e.jdt.JarLifecycleMapping lifecycle mapping for MavenProject: com.caigicungco:API:1.0 @ C:\Users\Hung_LOL\Desktop\Project\ban-man-tinh-api\pom.xml.
2020-02-25 20:23:30,242 [Worker-11: Building workspace] INFO  o.e.m.c.i.embedder.EclipseLogger - Using 'UTF-8' encoding to copy filtered resources.
2020-02-25 20:23:30,250 [Worker-11: Building workspace] INFO  o.e.m.c.i.embedder.EclipseLogger - Copying 0 resource
2020-02-25 20:23:30,251 [Worker-11: Building workspace] INFO  o.e.m.c.i.embedder.EclipseLogger - Copying 0 resource
2020-02-25 20:23:30,257 [Worker-11: Building workspace] INFO  o.e.m.c.i.embedder.EclipseLogger - Using 'UTF-8' encoding to copy filtered resources.
2020-02-25 20:23:30,257 [Worker-11: Building workspace] INFO  o.e.m.c.i.embedder.EclipseLogger - skip non existing resourceDirectory C:\Users\Hung_LOL\Desktop\Project\ban-man-tinh-api\src\test\resources
2020-02-25 20:24:53,493 [Worker-12: Building workspace] INFO  o.e.m.c.i.embedder.EclipseLogger - Using 'UTF-8' encoding to copy filtered resources.
2020-02-25 20:24:53,496 [Worker-12: Building workspace] INFO  o.e.m.c.i.embedder.EclipseLogger - Copying 1 resource
2020-02-25 20:24:53,596 [Worker-12: Building workspace] INFO  o.e.m.c.i.embedder.EclipseLogger - Copying 0 resource
2020-02-25 20:24:53,601 [Worker-12: Building workspace] INFO  o.e.m.c.i.embedder.EclipseLogger - Using 'UTF-8' encoding to copy filtered resources.
2020-02-25 20:24:53,602 [Worker-12: Building workspace] INFO  o.e.m.c.i.embedder.EclipseLogger - skip non existing resourceDirectory C:\Users\Hung_LOL\Desktop\Project\ban-man-tinh-api\src\test\resources
2020-02-25 20:45:05,904 [Worker-15: Building workspace] INFO  o.e.m.c.i.embedder.EclipseLogger - Using 'UTF-8' encoding to copy filtered resources.
2020-02-25 20:45:05,905 [Worker-15: Building workspace] INFO  o.e.m.c.i.embedder.EclipseLogger - Copying 0 resource
2020-02-25 20:45:05,906 [Worker-15: Building workspace] INFO  o.e.m.c.i.embedder.EclipseLogger - Copying 1 resource
2020-02-25 20:45:06,217 [Worker-15: Building workspace] INFO  o.e.m.c.i.embedder.EclipseLogger - Using 'UTF-8' encoding to copy filtered resources.
2020-02-25 20:45:06,217 [Worker-15: Building workspace] INFO  o.e.m.c.i.embedder.EclipseLogger - skip non existing resourceDirectory C:\Users\Hung_LOL\Desktop\Project\ban-man-tinh-api\src\test\resources
2020-02-25 20:53:43,658 [Worker-19: Building workspace] INFO  o.e.m.c.i.embedder.EclipseLogger - Using 'UTF-8' encoding to copy filtered resources.
2020-02-25 20:53:43,700 [Worker-19: Building workspace] INFO  o.e.m.c.i.embedder.EclipseLogger - Copying 1 resource
2020-02-25 20:53:43,756 [Worker-19: Building workspace] INFO  o.e.m.c.i.embedder.EclipseLogger - Copying 167 resources
2020-02-25 20:53:43,797 [Worker-19: Building workspace] INFO  o.e.m.c.i.embedder.EclipseLogger - Using 'UTF-8' encoding to copy filtered resources.
2020-02-25 20:53:43,798 [Worker-19: Building workspace] INFO  o.e.m.c.i.embedder.EclipseLogger - skip non existing resourceDirectory C:\Users\Hung_LOL\Desktop\Project\ban-man-tinh-api\src\test\resources
2020-02-25 21:00:40,589 [Worker-19: Launching Application] INFO  o.e.m.c.i.embedder.EclipseLogger - Using 'UTF-8' encoding to copy filtered resources.
2020-02-25 21:00:40,630 [Worker-19: Launching Application] INFO  o.e.m.c.i.embedder.EclipseLogger - Copying 1 resource
2020-02-25 21:00:40,660 [Worker-19: Launching Application] INFO  o.e.m.c.i.embedder.EclipseLogger - Copying 167 resources
2020-02-25 21:00:40,693 [Worker-19: Launching Application] INFO  o.e.m.c.i.embedder.EclipseLogger - Using 'UTF-8' encoding to copy filtered resources.
2020-02-25 21:00:40,693 [Worker-19: Launching Application] INFO  o.e.m.c.i.embedder.EclipseLogger - skip non existing resourceDirectory C:\Users\Hung_LOL\Desktop\Project\ban-man-tinh-api\src\test\resources
2020-02-25 21:02:16,703 [Worker-19: Building workspace] INFO  o.e.m.c.i.embedder.EclipseLogger - Using 'UTF-8' encoding to copy filtered resources.
2020-02-25 21:02:16,730 [Worker-19: Building workspace] INFO  o.e.m.c.i.embedder.EclipseLogger - Copying 1 resource
2020-02-25 21:02:16,790 [Worker-19: Building workspace] INFO  o.e.m.c.i.embedder.EclipseLogger - Copying 167 resources
2020-02-25 21:02:16,841 [Worker-19: Building workspace] INFO  o.e.m.c.i.embedder.EclipseLogger - Using 'UTF-8' encoding to copy filtered resources.
2020-02-25 21:02:16,842 [Worker-19: Building workspace] INFO  o.e.m.c.i.embedder.EclipseLogger - skip non existing resourceDirectory C:\Users\Hung_LOL\Desktop\Project\ban-man-tinh-api\src\test\resources
2020-02-25 21:02:46,645 [Worker-24: Building workspace] INFO  o.e.m.c.i.embedder.EclipseLogger - Using 'UTF-8' encoding to copy filtered resources.
2020-02-25 21:02:46,669 [Worker-24: Building workspace] INFO  o.e.m.c.i.embedder.EclipseLogger - Copying 1 resource
2020-02-25 21:02:46,701 [Worker-24: Building workspace] INFO  o.e.m.c.i.embedder.EclipseLogger - Copying 167 resources
2020-02-25 21:02:46,733 [Worker-24: Building workspace] INFO  o.e.m.c.i.embedder.EclipseLogger - Using 'UTF-8' encoding to copy filtered resources.
2020-02-25 21:02:46,733 [Worker-24: Building workspace] INFO  o.e.m.c.i.embedder.EclipseLogger - skip non existing resourceDirectory C:\Users\Hung_LOL\Desktop\Project\ban-man-tinh-api\src\test\resources
2020-02-25 21:06:20,593 [Worker-24: Building workspace] INFO  o.e.m.c.i.embedder.EclipseLogger - Using 'UTF-8' encoding to copy filtered resources.
2020-02-25 21:06:20,621 [Worker-24: Building workspace] INFO  o.e.m.c.i.embedder.EclipseLogger - Copying 1 resource
2020-02-25 21:06:20,669 [Worker-24: Building workspace] INFO  o.e.m.c.i.embedder.EclipseLogger - Copying 167 resources
2020-02-25 21:06:20,691 [Worker-24: Building workspace] INFO  o.e.m.c.i.embedder.EclipseLogger - Using 'UTF-8' encoding to copy filtered resources.
2020-02-25 21:06:20,691 [Worker-24: Building workspace] INFO  o.e.m.c.i.embedder.EclipseLogger - skip non existing resourceDirectory C:\Users\Hung_LOL\Desktop\Project\ban-man-tinh-api\src\test\resources
2020-02-25 21:07:21,662 [Worker-24: Building workspace] INFO  o.e.m.c.i.embedder.EclipseLogger - Using 'UTF-8' encoding to copy filtered resources.
2020-02-25 21:07:21,699 [Worker-24: Building workspace] INFO  o.e.m.c.i.embedder.EclipseLogger - Copying 1 resource
2020-02-25 21:07:21,726 [Worker-24: Building workspace] INFO  o.e.m.c.i.embedder.EclipseLogger - Copying 167 resources
2020-02-25 21:07:21,747 [Worker-24: Building workspace] INFO  o.e.m.c.i.embedder.EclipseLogger - Using 'UTF-8' encoding to copy filtered resources.
2020-02-25 21:07:21,747 [Worker-24: Building workspace] INFO  o.e.m.c.i.embedder.EclipseLogger - skip non existing resourceDirectory C:\Users\Hung_LOL\Desktop\Project\ban-man-tinh-api\src\test\resources
2020-02-25 21:07:52,972 [Worker-25: Building workspace] INFO  o.e.m.c.i.embedder.EclipseLogger - Using 'UTF-8' encoding to copy filtered resources.
2020-02-25 21:07:52,989 [Worker-25: Building workspace] INFO  o.e.m.c.i.embedder.EclipseLogger - Copying 1 resource
2020-02-25 21:07:53,004 [Worker-25: Building workspace] INFO  o.e.m.c.i.embedder.EclipseLogger - Copying 167 resources
2020-02-25 21:07:53,023 [Worker-25: Building workspace] INFO  o.e.m.c.i.embedder.EclipseLogger - Using 'UTF-8' encoding to copy filtered resources.
2020-02-25 21:07:53,023 [Worker-25: Building workspace] INFO  o.e.m.c.i.embedder.EclipseLogger - skip non existing resourceDirectory C:\Users\Hung_LOL\Desktop\Project\ban-man-tinh-api\src\test\resources
2020-02-25 21:08:51,749 [Worker-24: Building workspace] INFO  o.e.m.c.i.embedder.EclipseLogger - Using 'UTF-8' encoding to copy filtered resources.
2020-02-25 21:08:51,779 [Worker-24: Building workspace] INFO  o.e.m.c.i.embedder.EclipseLogger - Copying 1 resource
2020-02-25 21:08:51,798 [Worker-24: Building workspace] INFO  o.e.m.c.i.embedder.EclipseLogger - Copying 167 resources
2020-02-25 21:08:51,821 [Worker-24: Building workspace] INFO  o.e.m.c.i.embedder.EclipseLogger - Using 'UTF-8' encoding to copy filtered resources.
2020-02-25 21:08:51,822 [Worker-24: Building workspace] INFO  o.e.m.c.i.embedder.EclipseLogger - skip non existing resourceDirectory C:\Users\Hung_LOL\Desktop\Project\ban-man-tinh-api\src\test\resources
2020-02-25 21:09:34,239 [Worker-24: Building workspace] INFO  o.e.m.c.i.embedder.EclipseLogger - Using 'UTF-8' encoding to copy filtered resources.
2020-02-25 21:09:34,272 [Worker-24: Building workspace] INFO  o.e.m.c.i.embedder.EclipseLogger - Copying 1 resource
2020-02-25 21:09:34,289 [Worker-24: Building workspace] INFO  o.e.m.c.i.embedder.EclipseLogger - Copying 167 resources
2020-02-25 21:09:34,313 [Worker-24: Building workspace] INFO  o.e.m.c.i.embedder.EclipseLogger - Using 'UTF-8' encoding to copy filtered resources.
2020-02-25 21:09:34,313 [Worker-24: Building workspace] INFO  o.e.m.c.i.embedder.EclipseLogger - skip non existing resourceDirectory C:\Users\Hung_LOL\Desktop\Project\ban-man-tinh-api\src\test\resources
2020-02-25 21:09:48,062 [Worker-24: Building workspace] INFO  o.e.m.c.i.embedder.EclipseLogger - Using 'UTF-8' encoding to copy filtered resources.
2020-02-25 21:09:48,084 [Worker-24: Building workspace] INFO  o.e.m.c.i.embedder.EclipseLogger - Copying 1 resource
2020-02-25 21:09:48,102 [Worker-24: Building workspace] INFO  o.e.m.c.i.embedder.EclipseLogger - Copying 167 resources
2020-02-25 21:09:48,123 [Worker-24: Building workspace] INFO  o.e.m.c.i.embedder.EclipseLogger - Using 'UTF-8' encoding to copy filtered resources.
2020-02-25 21:09:48,123 [Worker-24: Building workspace] INFO  o.e.m.c.i.embedder.EclipseLogger - skip non existing resourceDirectory C:\Users\Hung_LOL\Desktop\Project\ban-man-tinh-api\src\test\resources
2020-02-25 21:09:55,060 [Worker-28: Building workspace] INFO  o.e.m.c.i.embedder.EclipseLogger - Using 'UTF-8' encoding to copy filtered resources.
2020-02-25 21:09:55,080 [Worker-28: Building workspace] INFO  o.e.m.c.i.embedder.EclipseLogger - Copying 1 resource
2020-02-25 21:09:55,103 [Worker-28: Building workspace] INFO  o.e.m.c.i.embedder.EclipseLogger - Copying 167 resources
2020-02-25 21:09:55,131 [Worker-28: Building workspace] INFO  o.e.m.c.i.embedder.EclipseLogger - Using 'UTF-8' encoding to copy filtered resources.
2020-02-25 21:09:55,131 [Worker-28: Building workspace] INFO  o.e.m.c.i.embedder.EclipseLogger - skip non existing resourceDirectory C:\Users\Hung_LOL\Desktop\Project\ban-man-tinh-api\src\test\resources
2020-02-26 19:25:44,109 [Worker-9: Loading available Gradle versions] INFO  o.e.b.c.i.u.g.PublishedGradleVersions - Gradle version information cache is up-to-date. Trying to read.
2020-02-26 19:26:36,527 [Worker-15: Launching Application] INFO  o.e.m.c.i.embedder.EclipseLogger - Using 'UTF-8' encoding to copy filtered resources.
2020-02-26 19:26:36,534 [Worker-15: Launching Application] INFO  o.e.m.c.i.embedder.EclipseLogger - Copying 1 resource
2020-02-26 19:26:36,586 [Worker-15: Launching Application] INFO  o.e.m.c.i.embedder.EclipseLogger - Copying 167 resources
2020-02-26 19:26:41,536 [Worker-15: Launching Application] INFO  o.e.m.c.i.embedder.EclipseLogger - Using 'UTF-8' encoding to copy filtered resources.
2020-02-26 19:26:41,537 [Worker-15: Launching Application] INFO  o.e.m.c.i.embedder.EclipseLogger - skip non existing resourceDirectory C:\Users\Hung_LOL\Desktop\Project\ban-man-tinh-api\src\test\resources
